0 verbose cli /usr/local/bin/node /usr/local/bin/npm
1 info using npm@10.8.2
2 info using node@v20.19.4
3 silly config load:file:/usr/local/lib/node_modules/npm/npmrc
4 silly config load:file:/usr/src/node-red/.npmrc
5 silly config load:file:/usr/local/etc/npmrc
6 verbose title npm start --userDir /data
7 verbose argv "start" "--cache" "/data/.npm" "--" "--userDir" "/data"
8 verbose logfile logs-max:10 dir:/data/.npm/_logs/2025-10-28T10_52_35_565Z-
9 verbose logfile /data/.npm/_logs/2025-10-28T10_52_35_565Z-debug-0.log
10 silly logfile done cleaning log files
11 http fetch GET 200 https://registry.npmjs.org/npm 276ms
12 verbose cwd /usr/src/node-red
13 verbose os Linux 5.15.167.4-microsoft-standard-WSL2
14 verbose node v20.19.4
15 verbose npm  v10.8.2
16 notice
16 notice New major version of npm available! 10.8.2 -> 11.6.2
16 notice Changelog: https://github.com/npm/cli/releases/tag/v11.6.2
16 notice To update run: npm install -g npm@11.6.2
16 notice  { force: true, [Symbol(proc-log.meta)]: true }
17 verbose exit 0
18 info ok
